#
# There is insufficient memory for the Java Runtime Environment to continue.
# Native memory allocation (mmap) failed to map 132120576 bytes for G1 virtual space
# Possible reasons:
#   The system is out of physical RAM or swap space
#   The process is running with CompressedOops enabled, and the Java Heap may be blocking the growth of the native heap
# Possible solutions:
#   Reduce memory load on the system
#   Increase physical memory or swap space
#   Check if swap backing store is full
#   Decrease Java heap size (-Xmx/-Xms)
#   Decrease number of Java threads
#   Decrease Java thread stack sizes (-Xss)
#   Set larger code cache with -XX:ReservedCodeCacheSize=
#   JVM is running with Unscaled Compressed Oops mode in which the Java heap is
#     placed in the first 4GB address space. The Java Heap base address is the
#     maximum limit for the native heap growth. Please use -XX:HeapBaseMinAddress
#     to set the Java Heap base and to place the Java Heap above 4GB virtual address.
# This output file may be truncated or incomplete.
#
#  Out of Memory Error (os_windows.cpp:3548), pid=29772, tid=35768
#
# JRE version:  (17.0.5+8) (build )
# Java VM: OpenJDK 64-Bit Server VM (17.0.5+8-LTS, mixed mode, sharing, tiered, compressed oops, compressed class ptrs, g1 gc, windows-amd64)
# No core dump will be written. Minidumps are not enabled by default on client versions of Windows
#

---------------  S U M M A R Y ------------

Command Line: -Dfile.encoding=UTF-8 --module-path=C:\Users\Mohan prakash\OneDrive\Documents\NetBeansProjects\Travel Management System\build\classes travel.management.system.Loading

Host: Intel(R) Core(TM) i5-1035G1 CPU @ 1.00GHz, 8 cores, 7G,  Windows 11 , 64 bit Build 22621 (10.0.22621.1485)
Time: Thu May  4 17:28:54 2023 India Standard Time elapsed time: 0.015960 seconds (0d 0h 0m 0s)

---------------  T H R E A D  ---------------

Current thread (0x0000013be4fe0f10):  JavaThread "Unknown thread" [_thread_in_vm, id=35768, stack(0x000000331ce00000,0x000000331cf00000)]

Stack: [0x000000331ce00000,0x000000331cf00000]
Native frames: (J=compiled Java code, j=interpreted, Vv=VM code, C=native code)
V  [jvm.dll+0x646e0a]
V  [jvm.dll+0x7f7f14]
V  [jvm.dll+0x7f96ce]
V  [jvm.dll+0x7f9d23]
V  [jvm.dll+0x234c98]
V  [jvm.dll+0x643d6a]
V  [jvm.dll+0x63849a]
V  [jvm.dll+0x2f2ed9]
V  [jvm.dll+0x2fa066]
V  [jvm.dll+0x345a2a]
V  [jvm.dll+0x345c6f]
V  [jvm.dll+0x2c9378]
V  [jvm.dll+0x2ca309]
V  [jvm.dll+0x7cb681]
V  [jvm.dll+0x352eb1]
V  [jvm.dll+0x7abb8e]
V  [jvm.dll+0x3ce293]
V  [jvm.dll+0x3cfc91]
C  [jli.dll+0x519f]
C  [ucrtbase.dll+0x29363]
C  [KERNEL32.DLL+0x1269d]
C  [ntdll.dll+0x5a9f8]


---------------  P R O C E S S  ---------------

Threads class SMR info:
_java_thread_list=0x00007ffd1f6c6758, length=0, elements={
}

Java Threads: ( => current thread )

Other Threads:
  0x0000013be503d410 GCTaskThread "GC Thread#0" [stack: 0x000000331cf00000,0x000000331d000000] [id=13224]
  0x0000013be504db20 ConcurrentGCThread "G1 Main Marker" [stack: 0x000000331d000000,0x000000331d100000] [id=35120]
  0x0000013be504e5a0 ConcurrentGCThread "G1 Conc#0" [stack: 0x000000331d100000,0x000000331d200000] [id=35660]

[error occurred during error reporting (printing all threads), id 0xc0000005, EXCEPTION_ACCESS_VIOLATION (0xc0000005) at pc=0x00007ffd1eeba567]

VM state: not at safepoint (not fully initialized)

VM Mutex/Monitor currently owned by a thread:  ([mutex/lock_event])
[0x0000013be4fdd5a0] Heap_lock - owner thread: 0x0000013be4fe0f10

Heap address: 0x0000000083a00000, size: 1990 MB, Compressed Oops mode: 32-bit

CDS archive(s) mapped at: [0x0000000000000000-0x0000000000000000-0x0000000000000000), size 0, SharedBaseAddress: 0x0000000800000000, ArchiveRelocationMode: 0.
Narrow klass base: 0x0000000000000000, Narrow klass shift: 0, Narrow klass range: 0x0

GC Precious Log:
<Empty>

Heap:
 garbage-first heap   total 0K, used 0K [0x0000000083a00000, 0x0000000100000000)
  region size 1024K, 0 young (0K), 0 survivors (0K)

[error occurred during error reporting (printing heap information), id 0xc0000005, EXCEPTION_ACCESS_VIOLATION (0xc0000005) at pc=0x00007ffd1f27e739]

GC Heap History (0 events):
No events

Dll operation events (1 events):
Event: 0.011 Loaded shared library C:\Program Files\Amazon Corretto\jdk17.0.5_8\bin\java.dll

Deoptimization events (0 events):
No events

Classes unloaded (0 events):
No events

Classes redefined (0 events):
No events

Internal exceptions (0 events):
No events

VM Operations (0 events):
No events

Events (0 events):
No events


Dynamic libraries:
0x00007ff6c2f90000 - 0x00007ff6c2f9d000 	C:\Program Files\Amazon Corretto\jdk17.0.5_8\bin\java.exe
0x00007ffd4b5f0000 - 0x00007ffd4b804000 	C:\WINDOWS\SYSTEM32\ntdll.dll
0x00007ffd4a0a0000 - 0x00007ffd4a162000 	C:\WINDOWS\System32\KERNEL32.DLL
0x00007ffd48f20000 - 0x00007ffd492bc000 	C:\WINDOWS\System32\KERNELBASE.dll
0x00007ffd48a30000 - 0x00007ffd48b41000 	C:\WINDOWS\System32\ucrtbase.dll
0x00007ffd1f8f0000 - 0x00007ffd1f907000 	C:\Program Files\Amazon Corretto\jdk17.0.5_8\bin\jli.dll
0x00007ffd1f910000 - 0x00007ffd1f925000 	C:\Program Files\Amazon Corretto\jdk17.0.5_8\bin\VCRUNTIME140.dll
0x00007ffd4ae50000 - 0x00007ffd4affb000 	C:\WINDOWS\System32\USER32.dll
0x00007ffd48dd0000 - 0x00007ffd48df6000 	C:\WINDOWS\System32\win32u.dll
0x00007ffd49b40000 - 0x00007ffd49b69000 	C:\WINDOWS\System32\GDI32.dll
0x00007ffd2a240000 - 0x00007ffd2a4ce000 	C:\WINDOWS\WinSxS\amd64_microsoft.windows.common-controls_6595b64144ccf1df_6.0.22621.608_none_a9444ca7c10bb01d\COMCTL32.dll
0x00007ffd48e00000 - 0x00007ffd48f13000 	C:\WINDOWS\System32\gdi32full.dll
0x00007ffd49620000 - 0x00007ffd496c7000 	C:\WINDOWS\System32\msvcrt.dll
0x00007ffd48b50000 - 0x00007ffd48bea000 	C:\WINDOWS\System32\msvcp_win.dll
0x00007ffd4ac60000 - 0x00007ffd4ac91000 	C:\WINDOWS\System32\IMM32.DLL
0x00007ffd1f850000 - 0x00007ffd1f8eb000 	C:\Program Files\Amazon Corretto\jdk17.0.5_8\bin\msvcp140.dll
0x00007ffd1ebe0000 - 0x00007ffd1f7f4000 	C:\Program Files\Amazon Corretto\jdk17.0.5_8\bin\server\jvm.dll
0x00007ffd4acc0000 - 0x00007ffd4ad6e000 	C:\WINDOWS\System32\ADVAPI32.dll
0x00007ffd49400000 - 0x00007ffd494a4000 	C:\WINDOWS\System32\sechost.dll
0x00007ffd49dd0000 - 0x00007ffd49ee7000 	C:\WINDOWS\System32\RPCRT4.dll
0x00007ffd40d60000 - 0x00007ffd40d6a000 	C:\WINDOWS\SYSTEM32\VERSION.dll
0x00007ffd3feb0000 - 0x00007ffd3fee4000 	C:\WINDOWS\SYSTEM32\WINMM.dll
0x00007ffd2e220000 - 0x00007ffd2e229000 	C:\WINDOWS\SYSTEM32\WSOCK32.dll
0x00007ffd4ad80000 - 0x00007ffd4adf1000 	C:\WINDOWS\System32\WS2_32.dll
0x00007ffd47a40000 - 0x00007ffd47a58000 	C:\WINDOWS\SYSTEM32\kernel.appcore.dll
0x00007ffd1ded0000 - 0x00007ffd1deda000 	C:\Program Files\Amazon Corretto\jdk17.0.5_8\bin\jimage.dll
0x00007ffd46320000 - 0x00007ffd4654e000 	C:\WINDOWS\SYSTEM32\DBGHELP.DLL
0x00007ffd497b0000 - 0x00007ffd49b39000 	C:\WINDOWS\System32\combase.dll
0x00007ffd4a290000 - 0x00007ffd4a367000 	C:\WINDOWS\System32\OLEAUT32.dll
0x00007ffd32900000 - 0x00007ffd32932000 	C:\WINDOWS\SYSTEM32\dbgcore.DLL
0x00007ffd492c0000 - 0x00007ffd4933b000 	C:\WINDOWS\System32\bcryptPrimitives.dll
0x00007ffd39760000 - 0x00007ffd39785000 	C:\Program Files\Amazon Corretto\jdk17.0.5_8\bin\java.dll

dbghelp: loaded successfully - version: 4.0.5 - missing functions: none
symbol engine: initialized successfully - sym options: 0x614 - pdb path: .;C:\Program Files\Amazon Corretto\jdk17.0.5_8\bin;C:\WINDOWS\SYSTEM32;C:\WINDOWS\WinSxS\amd64_microsoft.windows.common-controls_6595b64144ccf1df_6.0.22621.608_none_a9444ca7c10bb01d;C:\Program Files\Amazon Corretto\jdk17.0.5_8\bin\server

VM Arguments:
jvm_args: -Dfile.encoding=UTF-8 --module-path=C:\Users\Mohan prakash\OneDrive\Documents\NetBeansProjects\Travel Management System\build\classes 
java_command: travel.management.system.Loading
java_class_path (initial): C:\Users\Mohan prakash\Downloads\mysql-connector-java-8.0.28.jar;C:\Users\Mohan prakash\OneDrive\Documents\NetBeansProjects\Travel Management System\build\classes
Launcher Type: SUN_STANDARD

[Global flags]
     intx CICompilerCount                          = 4                                         {product} {ergonomic}
     uint ConcGCThreads                            = 2                                         {product} {ergonomic}
     uint G1ConcRefinementThreads                  = 8                                         {product} {ergonomic}
   size_t G1HeapRegionSize                         = 1048576                                   {product} {ergonomic}
    uintx GCDrainStackTargetSize                   = 64                                        {product} {ergonomic}
   size_t InitialHeapSize                          = 132120576                                 {product} {ergonomic}
   size_t MarkStackSize                            = 4194304                                   {product} {ergonomic}
   size_t MaxHeapSize                              = 2086666240                                {product} {ergonomic}
   size_t MinHeapDeltaBytes                        = 1048576                                   {product} {ergonomic}
   size_t MinHeapSize                              = 8388608                                   {product} {ergonomic}
    uintx NonNMethodCodeHeapSize                   = 5839372                                {pd product} {ergonomic}
    uintx NonProfiledCodeHeapSize                  = 122909434                              {pd product} {ergonomic}
    uintx ProfiledCodeHeapSize                     = 122909434                              {pd product} {ergonomic}
    uintx ReservedCodeCacheSize                    = 251658240                              {pd product} {ergonomic}
     bool SegmentedCodeCache                       = true                                      {product} {ergonomic}
   size_t SoftMaxHeapSize                          = 2086666240                             {manageable} {ergonomic}
     bool UseCompressedClassPointers               = true                           {product lp64_product} {ergonomic}
     bool UseCompressedOops                        = true                           {product lp64_product} {ergonomic}
     bool UseG1GC                                  = true                                      {product} {ergonomic}
     bool UseLargePagesIndividualAllocation        = false                                  {pd product} {ergonomic}

Logging:
Log output configuration:
 #0: stdout all=warning uptime,level,tags
 #1: stderr all=off uptime,level,tags

Environment Variables:
JAVA_HOME=C:\Program Files\Amazon Corretto\jdk17.0.5_8
PATH=C:\Program Files\Amazon Corretto\jdk17.0.5_8\bin;C:\Program Files\Common Files\Oracle\Java\javapath;C:\Program Files (x86)\Common Files\Oracle\Java\javapath;C:\WINDOWS\system32;C:\WINDOWS;C:\WINDOWS\System32\Wbem;C:\WINDOWS\System32\WindowsPowerShell\v1.0\;C:\WINDOWS\System32\OpenSSH\;C:\Program Files\dotnet\;C:\Program Files\Amazon Corretto\jdk17.0.5_8\BIN;C:\Program Files\Java\jdk-10.0.2\bin;C:\Program Files\Java\jre-10.0.2\bin;C:\xampp\php;C:\Program Files\Git\cmd;C:\Users\Mohan prakash\Downloads\apache-maven-3.9.1-bin\apache-maven-3.9.1\bin;;C:\Program Files\Docker\Docker\resources\bin;C:\Program Files\PuTTY\;C:\Program Files\MySQL\MySQL Shell 8.0\bin\;C:\Users\Mohan prakash\AppData\Local\Programs\Python\Python311\Scripts\;C:\Users\Mohan prakash\AppData\Local\Programs\Python\Python311\;C:\Users\Mohan prakash\Envs\test\Lib\site-packages\pip;C:\Program Files\Java\jdk-10.0.2\bin;C:\Program Files\Java\jre-10.0.2\bin;C:\Users\Mohan prakash\AppData\Local\Microsoft\WindowsApps;C:\Program Files\JetBrains\PyCharm 2022.2.3\bin;;C:\xampp\php;C:\Program Files\JetBrains\IntelliJ IDEA Community Edition 2022.3.1\bin;;C:\Users\Mohan prakash\AppData\Local\Programs\Microsoft VS Code\bin;C:\Users\Mohan prakash\Downloads\apache-maven-3.9.1-bin\apache-maven-3.9.1\bin;
USERNAME=Mohan prakash
OS=Windows_NT
PROCESSOR_IDENTIFIER=Intel64 Family 6 Model 126 Stepping 5, GenuineIntel
TMP=C:\Users\Mohan prakash\AppData\Local\Temp
TEMP=C:\Users\Mohan prakash\AppData\Local\Temp



---------------  S Y S T E M  ---------------

OS:
 Windows 11 , 64 bit Build 22621 (10.0.22621.1485)
OS uptime: 0 days 23:36 hours
Hyper-V role detected

CPU: total 8 (initial active 8) (4 cores per cpu, 2 threads per core) family 6 model 126 stepping 5 microcode 0xb8, cx8, cmov, fxsr, ht, mmx, 3dnowpref, sse, sse2, sse3, ssse3, sse4.1, sse4.2, popcnt, lzcnt, tsc, tscinvbit, avx, avx2, aes, erms, clmul, bmi1, bmi2, adx, avx512f, avx512dq, avx512cd, avx512bw, avx512vl, sha, fma, vzeroupper, avx512_vpopcntdq, avx512_vpclmulqdq, avx512_vaes, avx512_vnni, clflush, clflushopt, avx512_vbmi2, avx512_vbmi, hv

Memory: 4k page, system-wide physical 7959M (785M free)
TotalPageFile size 32535M (AvailPageFile size 125M)
current process WorkingSet (physical memory assigned to process): 11M, peak: 11M
current process commit charge ("private bytes"): 60M, peak: 186M

vm_info: OpenJDK 64-Bit Server VM (17.0.5+8-LTS) for windows-amd64 JRE (17.0.5+8-LTS), built on Oct 13 2022 05:18:14 by "Administrator" with MS VC++ 15.9 (VS2017)

END.
